time="2020-07-22T17:00:49+08:00" level=info msg="run main"
time="2020-07-22T17:00:49+08:00" level=info msg="DB connect success"
time="2020-07-22T17:00:49+08:00" level=info msg="new app finished"
time="2020-07-22T17:05:53+08:00" level=info msg="Shutdown Server ..."
time="2020-07-22T17:05:53+08:00" level=info msg="Server exiting"
time="2020-07-22T17:05:53+08:00" level=error msg="DB Close"
time="2020-07-22T17:05:57+08:00" level=info msg="run main"
time="2020-07-22T17:05:57+08:00" level=info msg="DB connect success"
time="2020-07-22T17:05:57+08:00" level=info msg="new app finished"
time="2020-07-22T17:06:27+08:00" level=info msg="Shutdown Server ..."
time="2020-07-22T17:06:27+08:00" level=info msg="Server exiting"
time="2020-07-22T17:06:27+08:00" level=error msg="DB Close"
time="2020-07-22T17:06:52+08:00" level=info msg="run main"
time="2020-07-22T17:06:52+08:00" level=info msg="DB connect success"
time="2020-07-22T17:06:52+08:00" level=info msg="new app finished"
time="2020-07-22T17:08:25+08:00" level=info msg="Shutdown Server ..."
time="2020-07-22T17:08:25+08:00" level=info msg="Server exiting"
time="2020-07-22T17:08:25+08:00" level=error msg="DB Close"
time="2020-07-22T17:10:00+08:00" level=info msg="run main"
time="2020-07-22T17:10:00+08:00" level=info msg="DB connect success"
time="2020-07-22T17:10:01+08:00" level=info msg="new app finished"
time="2020-07-22T17:18:22+08:00" level=info msg="Shutdown Server ..."
time="2020-07-22T17:18:22+08:00" level=info msg="Server exiting"
time="2020-07-22T17:18:22+08:00" level=error msg="DB Close"
time="2020-07-22T17:18:29+08:00" level=info msg="run main"
time="2020-07-22T17:18:29+08:00" level=info msg="DB connect success"
time="2020-07-22T17:18:30+08:00" level=info msg="new app finished"
time="2020-07-22T17:21:24+08:00" level=info msg="Shutdown Server ..."
time="2020-07-22T17:21:24+08:00" level=info msg="Server exiting"
time="2020-07-22T17:21:24+08:00" level=error msg="DB Close"
