time="2020-07-22T16:06:43+08:00" level=info msg="run main"
time="2020-07-22T16:06:44+08:00" level=info msg="DB connect success"
time="2020-07-22T16:06:44+08:00" level=info msg="new app finished"
time="2020-07-22T16:15:24+08:00" level=info msg="Shutdown Server ..."
time="2020-07-22T16:15:24+08:00" level=info msg="Server exiting"
time="2020-07-22T16:15:24+08:00" level=error msg="DB Close"
time="2020-07-22T16:15:30+08:00" level=info msg="run main"
time="2020-07-22T16:15:30+08:00" level=info msg="DB connect success"
time="2020-07-22T16:15:30+08:00" level=info msg="new app finished"
time="2020-07-22T16:18:41+08:00" level=info msg="Shutdown Server ..."
time="2020-07-22T16:18:41+08:00" level=info msg="Server exiting"
time="2020-07-22T16:18:41+08:00" level=error msg="DB Close"
time="2020-07-22T16:53:57+08:00" level=info msg="run main"
time="2020-07-22T16:53:57+08:00" level=info msg="DB connect success"
time="2020-07-22T16:53:58+08:00" level=info msg="new app finished"
time="2020-07-22T16:54:20+08:00" level=info msg="Shutdown Server ..."
time="2020-07-22T16:54:20+08:00" level=info msg="Server exiting"
time="2020-07-22T16:54:20+08:00" level=error msg="DB Close"
time="2020-07-22T16:54:29+08:00" level=info msg="run main"
time="2020-07-22T16:54:29+08:00" level=info msg="DB connect success"
time="2020-07-22T16:54:30+08:00" level=info msg="new app finished"
time="2020-07-22T16:57:37+08:00" level=info msg="Shutdown Server ..."
time="2020-07-22T16:57:37+08:00" level=info msg="Server exiting"
time="2020-07-22T16:57:37+08:00" level=error msg="DB Close"
